<?xml version="1.0" encoding="UTF-8"?>
<!-- Generated by org.testng.reporters.JUnitXMLReporter -->
<testsuite ignored="0" hostname="DESKTOP-8AND331" failures="1" tests="1" name="Test" time="4.741" errors="0" timestamp="2021-03-27T12:17:05 EDT">
  <testcase classname="com.automation.tests.LoginTests" name="loginValidation" time="3.3">
    <failure type="java.lang.AssertionError" message="The following asserts failed:
	expected [200] but found [400],
	expected object to not be null">
      <![CDATA[java.lang.AssertionError: The following asserts failed:
expected [200] but found [400],
expected object to not be null
at com.automation.tests.LoginTests.loginValidation(LoginTests.java:39)
at java.base/java.util.ArrayList.forEach(ArrayList.java:1507)
... Removed 33 stack frames]]>
    </failure>
  </testcase> <!-- loginValidation -->
</testsuite> <!-- Test -->
